0 info it worked if it ends with ok
1 verbose cli [ 'C:\\Program Files\\nodejs\\node.exe',
1 verbose cli   'C:\\Users\\ahmni01\\AppData\\Roaming\\npm\\node_modules\\npm\\bin\\npm-cli.js',
1 verbose cli   'run',
1 verbose cli   'lite' ]
2 info using npm@3.8.9
3 info using node@v4.3.1
4 verbose run-script [ 'prelite', 'lite', 'postlite' ]
5 info lifecycle angular2-garage@1.0.0~prelite: angular2-garage@1.0.0
6 silly lifecycle angular2-garage@1.0.0~prelite: no script for prelite, continuing
7 info lifecycle angular2-garage@1.0.0~lite: angular2-garage@1.0.0
8 verbose lifecycle angular2-garage@1.0.0~lite: unsafe-perm in lifecycle true
9 verbose lifecycle angular2-garage@1.0.0~lite: PATH: C:\Users\ahmni01\AppData\Roaming\npm\node_modules\npm\bin\node-gyp-bin;C:\E6400\Projects\CA Garage\dev\May5\garage\node_modules\.bin;C:\Program Files\nodejs;C:\Users\ahmni01\AppData\Roaming\npm\node_modules\npm\bin\node-gyp-bin;C:\E6400\Projects\CA Garage\dev\May5\garage\node_modules\.bin;C:\Program Files\nodejs;C:\ProgramData\Oracle\Java\javapath;C:\Program Files (x86)\CA\SC\CAWIN\;C:\E6400\Apps\apache-ant-1.9.4-bin\apache-ant-1.9.4\bin;C:\E6400\Apps\Ruby\bin;C:\E6400\Apps\Ext-JS\SenchaCMD\bin\Sencha\Cmd\5.0.0.160;C:\Program Files (x86)\AMD APP\bin\x86_64;C:\Program Files (x86)\AMD APP\bin\x86;C:\Windows\system32;C:\Windows;C:\Windows\System32\Wbem;C:\Windows\System32\WindowsPowerShell\v1.0\;C:\Program Files (x86)\ATI Technologies\ATI.ACE\Core-Static;C:\Program Files\Dell\Dell Data Protection\Access\Advanced\Wave\Gemalto\Access Client\v5\;C:\Program Files\WIDCOMM\Bluetooth Software\;C:\Program Files\WIDCOMM\Bluetooth Software\syswow64;C:\Program Files (x86)\CA\SC\Csam\SockAdapter\bin;C:\PROGRA~2\CA\SC\CAM\bin;C:\E6400\Apps\libraries\apache-maven-3.2.1\bin;C:\Program Files\Microsoft\Web Platform Installer\;C:\Program Files (x86)\CA\DSM\bin;C:\Program Files (x86)\CA\SC\CBB\;C:\Program Files\Intel\WiFi\bin\;C:\Program Files\Common Files\Intel\WirelessCommon\;C:\Program Files (x86)\Windows Kits\8.1\Windows Performance Toolkit\;C:\Program Files\Microsoft SQL Server\110\Tools\Binn\;C:\Users\ahmni01\AppData\Roaming\npm\;C:\Program Files\Microsoft SQL Server\120\Tools\Binn\;C:\Program Files (x86)\Windows Kits\10\Windows Performance Toolkit\;C:\Program Files\nodejs\;C:\Program Files (x86)\CA\SC\Csam\SockAdapter\bin;C:\Program Files (x86)\CA\SC\Csam\SockAdapter\bin64;C:\Users\ahmni01\AppData\Local\GitHub\PortableGit_c2ba306e536fdf878271f7fe636a147ff37326ad\bin;C:\Program Files (x86)\QuickTime\QTSystem\;C:\Program Files\Intel\WiFi\bin\;C:\Program Files\Common Files\Intel\WirelessCommon\;C:\Program Files\Docker Toolbox;C:\Users\ahmni01\AppData\Roaming\npm;C:\Program Files (x86)\Microsoft VS Code\bin;C:\Users\ahmni01\AppData\Local\atom\bin
10 verbose lifecycle angular2-garage@1.0.0~lite: CWD: C:\E6400\Projects\CA Garage\dev\May5\garage
11 silly lifecycle angular2-garage@1.0.0~lite: Args: [ '/d /s /c', 'lite-server' ]
12 silly lifecycle angular2-garage@1.0.0~lite: Returned: code: 1  signal: null
13 info lifecycle angular2-garage@1.0.0~lite: Failed to exec lite script
14 verbose stack Error: angular2-garage@1.0.0 lite: `lite-server`
14 verbose stack Exit status 1
14 verbose stack     at EventEmitter.<anonymous> (C:\Users\ahmni01\AppData\Roaming\npm\node_modules\npm\lib\utils\lifecycle.js:245:16)
14 verbose stack     at emitTwo (events.js:87:13)
14 verbose stack     at EventEmitter.emit (events.js:172:7)
14 verbose stack     at ChildProcess.<anonymous> (C:\Users\ahmni01\AppData\Roaming\npm\node_modules\npm\lib\utils\spawn.js:24:14)
14 verbose stack     at emitTwo (events.js:87:13)
14 verbose stack     at ChildProcess.emit (events.js:172:7)
14 verbose stack     at maybeClose (internal/child_process.js:821:16)
14 verbose stack     at Process.ChildProcess._handle.onexit (internal/child_process.js:211:5)
15 verbose pkgid angular2-garage@1.0.0
16 verbose cwd C:\E6400\Projects\CA Garage\dev\May5\garage
17 error Windows_NT 6.1.7601
18 error argv "C:\\Program Files\\nodejs\\node.exe" "C:\\Users\\ahmni01\\AppData\\Roaming\\npm\\node_modules\\npm\\bin\\npm-cli.js" "run" "lite"
19 error node v4.3.1
20 error npm  v3.8.9
21 error code ELIFECYCLE
22 error angular2-garage@1.0.0 lite: `lite-server`
22 error Exit status 1
23 error Failed at the angular2-garage@1.0.0 lite script 'lite-server'.
23 error Make sure you have the latest version of node.js and npm installed.
23 error If you do, this is most likely a problem with the angular2-garage package,
23 error not with npm itself.
23 error Tell the author that this fails on your system:
23 error     lite-server
23 error You can get information on how to open an issue for this project with:
23 error     npm bugs angular2-garage
23 error Or if that isn't available, you can get their info via:
23 error     npm owner ls angular2-garage
23 error There is likely additional logging output above.
24 verbose exit [ 1, true ]
